#
# There is insufficient memory for the Java Runtime Environment to continue.
# Native memory allocation (mmap) failed to map 80740352 bytes for committing reserved memory.
# Possible reasons:
#   The system is out of physical RAM or swap space
#   In 32 bit mode, the process size limit was hit
# Possible solutions:
#   Reduce memory load on the system
#   Increase physical memory or swap space
#   Check if swap backing store is full
#   Use 64 bit Java on a 64 bit OS
#   Decrease Java heap size (-Xmx/-Xms)
#   Decrease number of Java threads
#   Decrease Java thread stack sizes (-Xss)
#   Set larger code cache with -XX:ReservedCodeCacheSize=
# This output file may be truncated or incomplete.
#
#  Out of Memory Error (os_linux.cpp:2630), pid=30946, tid=0x00007f57b4cfc700
#
# JRE version: OpenJDK Runtime Environment (8.0_121-b13) (build 1.8.0_121-8u121-b13-0ubuntu1.16.04.2-b13)
# Java VM: OpenJDK 64-Bit Server VM (25.121-b13 mixed mode linux-amd64 compressed oops)
# Failed to write core dump. Core dumps have been disabled. To enable core dumping, try "ulimit -c unlimited" before starting Java again
#

---------------  T H R E A D  ---------------

Current thread (0x00007f57c4073800):  VMThread [stack: 0x00007f57b4bfc000,0x00007f57b4cfd000] [id=30954]

Stack: [0x00007f57b4bfc000,0x00007f57b4cfd000],  sp=0x00007f57b4cfb4c0,  free space=1021k
Native frames: (J=compiled Java code, j=interpreted, Vv=VM code, C=native code)
V  [libjvm.so+0xa6647b]
V  [libjvm.so+0x4c32dc]
V  [libjvm.so+0x8b4b60]
V  [libjvm.so+0x8aefde]
V  [libjvm.so+0x929a16]
V  [libjvm.so+0x92ad43]
V  [libjvm.so+0x9273f3]
V  [libjvm.so+0x9276bc]
V  [libjvm.so+0x8d9553]
V  [libjvm.so+0xa68132]
V  [libjvm.so+0xa6d217]
V  [libjvm.so+0xa6a9e7]
V  [libjvm.so+0xa6be6f]
V  [libjvm.so+0xa6c361]
V  [libjvm.so+0x8b2042]

VM_Operation (0x00007f57adb9efe0): ParallelGCFailedAllocation, mode: safepoint, requested by thread 0x00007f57c45db000


---------------  P R O C E S S  ---------------

Java Threads: ( => current thread )
  0x00007f57881cc000 JavaThread "background-preinit" [_thread_blocked, id=30968, stack(0x00007f57acb59000,0x00007f57acc5a000)]
  0x00007f57c45e0000 JavaThread "/0:0:0:0:0:0:0:1:46728 to /0:0:0:0:0:0:0:1:40042 workers Thread 3" [_thread_in_native, id=30967, stack(0x00007f57ad8a0000,0x00007f57ad9a1000)]
  0x00007f57c45df000 JavaThread "/0:0:0:0:0:0:0:1:46728 to /0:0:0:0:0:0:0:1:40042 workers Thread 2" [_thread_blocked, id=30966, stack(0x00007f57ad9a1000,0x00007f57adaa2000)]
  0x00007f57c45db000 JavaThread "Test worker" [_thread_blocked, id=30965, stack(0x00007f57adaa2000,0x00007f57adba3000)]
  0x00007f57c414e000 JavaThread "Service Thread" daemon [_thread_blocked, id=30960, stack(0x00007f57b445e000,0x00007f57b455f000)]
  0x00007f57c414b000 JavaThread "C1 CompilerThread1" daemon [_thread_blocked, id=30959, stack(0x00007f57b455f000,0x00007f57b4660000)]
  0x00007f57c4149800 JavaThread "C2 CompilerThread0" daemon [_thread_blocked, id=30958, stack(0x00007f57b4660000,0x00007f57b4761000)]
  0x00007f57c4148000 JavaThread "Signal Dispatcher" daemon [_thread_blocked, id=30957, stack(0x00007f57b4761000,0x00007f57b4862000)]
  0x00007f57c407f800 JavaThread "Finalizer" daemon [_thread_blocked, id=30956, stack(0x00007f57b49fa000,0x00007f57b4afb000)]
  0x00007f57c407b000 JavaThread "Reference Handler" daemon [_thread_blocked, id=30955, stack(0x00007f57b4afb000,0x00007f57b4bfc000)]
  0x00007f57c400a000 JavaThread "main" [_thread_blocked, id=30951, stack(0x00007f57cd20c000,0x00007f57cd30d000)]

Other Threads:
=>0x00007f57c4073800 VMThread [stack: 0x00007f57b4bfc000,0x00007f57b4cfd000] [id=30954]
  0x00007f57c4150800 WatcherThread [stack: 0x00007f57b435d000,0x00007f57b445e000] [id=30961]

VM state:at safepoint (normal execution)

VM Mutex/Monitor currently owned by a thread:  ([mutex/lock_event])
[0x00007f57c4006610] Threads_lock - owner thread: 0x00007f57c4073800
[0x00007f57c4006b10] Heap_lock - owner thread: 0x00007f57c45db000

Heap:
 PSYoungGen      total 66048K, used 2544K [0x00000000eb700000, 0x00000000efa00000, 0x0000000100000000)
  eden space 63488K, 0% used [0x00000000eb700000,0x00000000eb700000,0x00000000ef500000)
  from space 2560K, 99% used [0x00000000ef500000,0x00000000ef77c030,0x00000000ef780000)
  to   space 2560K, 0% used [0x00000000ef780000,0x00000000ef780000,0x00000000efa00000)
 ParOldGen       total 42496K, used 16471K [0x00000000c2400000, 0x00000000c4d80000, 0x00000000eb700000)
  object space 42496K, 38% used [0x00000000c2400000,0x00000000c3415d18,0x00000000c4d80000)
 Metaspace       used 20325K, capacity 20640K, committed 20864K, reserved 1067008K
  class space    used 2539K, capacity 2628K, committed 2688K, reserved 1048576K

Card table byte_map: [0x00007f57c96d7000,0x00007f57c98c6000] byte_map_base: 0x00007f57c90c5000

Marking Bits: (ParMarkBitMap*) 0x00007f57cc4d6220
 Begin Bits: [0x00007f57ae120000, 0x00007f57af090000)
 End Bits:   [0x00007f57af090000, 0x00007f57b0000000)

Polling page: 0x00007f57cd328000

CodeCache: size=245760Kb used=5630Kb max_used=5641Kb free=240129Kb
 bounds [0x00007f57b5000000, 0x00007f57b5590000, 0x00007f57c4000000]
 total_blobs=1939 nmethods=1578 adapters=275
 compilation: enabled

Compilation events (10 events):
Event: 2.085 Thread 0x00007f57c4149800 nmethod 1584 0x00007f57b557ff90 code [0x00007f57b55800e0, 0x00007f57b5580238]
Event: 2.085 Thread 0x00007f57c4149800 1448       4       java.util.LinkedList$ListItr::hasNext (20 bytes)
Event: 2.085 Thread 0x00007f57c414b000 nmethod 1582 0x00007f57b557f4d0 code [0x00007f57b557f680, 0x00007f57b557fdc8]
Event: 2.085 Thread 0x00007f57c414b000 1583       3       org.apache.tomcat.util.IntrospectionUtils::setProperty (8 bytes)
Event: 2.085 Thread 0x00007f57c414b000 nmethod 1583 0x00007f57b557f150 code [0x00007f57b557f2c0, 0x00007f57b557f428]
Event: 2.085 Thread 0x00007f57c414b000 1585       3       com.sun.org.apache.xerces.internal.impl.XMLDocumentScannerImpl::next (10 bytes)
Event: 2.085 Thread 0x00007f57c414b000 nmethod 1585 0x00007f57b5585290 code [0x00007f57b5585400, 0x00007f57b5585628]
Event: 2.085 Thread 0x00007f57c414b000 1586   !   3       com.sun.org.apache.xerces.internal.impl.XMLDocumentFragmentScannerImpl$FragmentContentDriver::next (2346 bytes)
Event: 2.085 Thread 0x00007f57c4149800 nmethod 1448 0x00007f57b5583b10 code [0x00007f57b5583c60, 0x00007f57b5583cf8]
Event: 2.085 Thread 0x00007f57c4149800 1451       4       java.util.HashSet::contains (9 bytes)

GC Heap History (9 events):
Event: 0.698 GC heap before
{Heap before GC invocations=1 (full 0):
 PSYoungGen      total 18432K, used 15872K [0x00000000eb700000, 0x00000000ecb80000, 0x0000000100000000)
  eden space 15872K, 100% used [0x00000000eb700000,0x00000000ec680000,0x00000000ec680000)
  from space 2560K, 0% used [0x00000000ec900000,0x00000000ec900000,0x00000000ecb80000)
  to   space 2560K, 0% used [0x00000000ec680000,0x00000000ec680000,0x00000000ec900000)
 ParOldGen       total 42496K, used 0K [0x00000000c2400000, 0x00000000c4d80000, 0x00000000eb700000)
  object space 42496K, 0% used [0x00000000c2400000,0x00000000c2400000,0x00000000c4d80000)
 Metaspace       used 7705K, capacity 7850K, committed 8064K, reserved 1056768K
  class space    used 957K, capacity 1035K, committed 1152K, reserved 1048576K
Event: 0.706 GC heap after
Heap after GC invocations=1 (full 0):
 PSYoungGen      total 18432K, used 2532K [0x00000000eb700000, 0x00000000edb00000, 0x0000000100000000)
  eden space 15872K, 0% used [0x00000000eb700000,0x00000000eb700000,0x00000000ec680000)
  from space 2560K, 98% used [0x00000000ec680000,0x00000000ec8f9360,0x00000000ec900000)
  to   space 2560K, 0% used [0x00000000ed880000,0x00000000ed880000,0x00000000edb00000)
 ParOldGen       total 42496K, used 844K [0x00000000c2400000, 0x00000000c4d80000, 0x00000000eb700000)
  object space 42496K, 1% used [0x00000000c2400000,0x00000000c24d3188,0x00000000c4d80000)
 Metaspace       used 7705K, capacity 7850K, committed 8064K, reserved 1056768K
  class space    used 957K, capacity 1035K, committed 1152K, reserved 1048576K
}
Event: 0.901 GC heap before
{Heap before GC invocations=2 (full 0):
 PSYoungGen      total 18432K, used 18404K [0x00000000eb700000, 0x00000000edb00000, 0x0000000100000000)
  eden space 15872K, 100% used [0x00000000eb700000,0x00000000ec680000,0x00000000ec680000)
  from space 2560K, 98% used [0x00000000ec680000,0x00000000ec8f9360,0x00000000ec900000)
  to   space 2560K, 0% used [0x00000000ed880000,0x00000000ed880000,0x00000000edb00000)
 ParOldGen       total 42496K, used 844K [0x00000000c2400000, 0x00000000c4d80000, 0x00000000eb700000)
  object space 42496K, 1% used [0x00000000c2400000,0x00000000c24d3188,0x00000000c4d80000)
 Metaspace       used 9739K, capacity 9962K, committed 10112K, reserved 1058816K
  class space    used 1210K, capacity 1291K, committed 1408K, reserved 1048576K
Event: 0.920 GC heap after
Heap after GC invocations=2 (full 0):
 PSYoungGen      total 34304K, used 2534K [0x00000000eb700000, 0x00000000edb00000, 0x0000000100000000)
  eden space 31744K, 0% used [0x00000000eb700000,0x00000000eb700000,0x00000000ed600000)
  from space 2560K, 98% used [0x00000000ed880000,0x00000000edaf9800,0x00000000edb00000)
  to   space 2560K, 0% used [0x00000000ed600000,0x00000000ed600000,0x00000000ed880000)
 ParOldGen       total 42496K, used 1962K [0x00000000c2400000, 0x00000000c4d80000, 0x00000000eb700000)
  object space 42496K, 4% used [0x00000000c2400000,0x00000000c25ea800,0x00000000c4d80000)
 Metaspace       used 9739K, capacity 9962K, committed 10112K, reserved 1058816K
  class space    used 1210K, capacity 1291K, committed 1408K, reserved 1048576K
}
Event: 1.212 GC heap before
{Heap before GC invocations=3 (full 0):
 PSYoungGen      total 34304K, used 34278K [0x00000000eb700000, 0x00000000edb00000, 0x0000000100000000)
  eden space 31744K, 100% used [0x00000000eb700000,0x00000000ed600000,0x00000000ed600000)
  from space 2560K, 98% used [0x00000000ed880000,0x00000000edaf9800,0x00000000edb00000)
  to   space 2560K, 0% used [0x00000000ed600000,0x00000000ed600000,0x00000000ed880000)
 ParOldGen       total 42496K, used 1962K [0x00000000c2400000, 0x00000000c4d80000, 0x00000000eb700000)
  object space 42496K, 4% used [0x00000000c2400000,0x00000000c25ea800,0x00000000c4d80000)
 Metaspace       used 12253K, capacity 12514K, committed 12672K, reserved 1060864K
  class space    used 1551K, capacity 1647K, committed 1664K, reserved 1048576K
Event: 1.235 GC heap after
Heap after GC invocations=3 (full 0):
 PSYoungGen      total 34304K, used 2544K [0x00000000eb700000, 0x00000000efa00000, 0x0000000100000000)
  eden space 31744K, 0% used [0x00000000eb700000,0x00000000eb700000,0x00000000ed600000)
  from space 2560K, 99% used [0x00000000ed600000,0x00000000ed87c010,0x00000000ed880000)
  to   space 2560K, 0% used [0x00000000ef780000,0x00000000ef780000,0x00000000efa00000)
 ParOldGen       total 42496K, used 4580K [0x00000000c2400000, 0x00000000c4d80000, 0x00000000eb700000)
  object space 42496K, 10% used [0x00000000c2400000,0x00000000c28790f8,0x00000000c4d80000)
 Metaspace       used 12253K, capacity 12514K, committed 12672K, reserved 1060864K
  class space    used 1551K, capacity 1647K, committed 1664K, reserved 1048576K
}
Event: 1.580 GC heap before
{Heap before GC invocations=4 (full 0):
 PSYoungGen      total 34304K, used 34288K [0x00000000eb700000, 0x00000000efa00000, 0x0000000100000000)
  eden space 31744K, 100% used [0x00000000eb700000,0x00000000ed600000,0x00000000ed600000)
  from space 2560K, 99% used [0x00000000ed600000,0x00000000ed87c010,0x00000000ed880000)
  to   space 2560K, 0% used [0x00000000ef780000,0x00000000ef780000,0x00000000efa00000)
 ParOldGen       total 42496K, used 4580K [0x00000000c2400000, 0x00000000c4d80000, 0x00000000eb700000)
  object space 42496K, 10% used [0x00000000c2400000,0x00000000c28790f8,0x00000000c4d80000)
 Metaspace       used 15506K, capacity 15810K, committed 16000K, reserved 1062912K
  class space    used 2019K, capacity 2127K, committed 2176K, reserved 1048576K
Event: 1.595 GC heap after
Heap after GC invocations=4 (full 0):
 PSYoungGen      total 66048K, used 2550K [0x00000000eb700000, 0x00000000efa00000, 0x0000000100000000)
  eden space 63488K, 0% used [0x00000000eb700000,0x00000000eb700000,0x00000000ef500000)
  from space 2560K, 99% used [0x00000000ef780000,0x00000000ef9fd910,0x00000000efa00000)
  to   space 2560K, 0% used [0x00000000ef500000,0x00000000ef500000,0x00000000ef780000)
 ParOldGen       total 42496K, used 10739K [0x00000000c2400000, 0x00000000c4d80000, 0x00000000eb700000)
  object space 42496K, 25% used [0x00000000c2400000,0x00000000c2e7cd70,0x00000000c4d80000)
 Metaspace       used 15506K, capacity 15810K, committed 16000K, reserved 1062912K
  class space    used 2019K, capacity 2127K, committed 2176K, reserved 1048576K
}
Event: 2.091 GC heap before
{Heap before GC invocations=5 (full 0):
 PSYoungGen      total 66048K, used 66038K [0x00000000eb700000, 0x00000000efa00000, 0x0000000100000000)
  eden space 63488K, 100% used [0x00000000eb700000,0x00000000ef500000,0x00000000ef500000)
  from space 2560K, 99% used [0x00000000ef780000,0x00000000ef9fd910,0x00000000efa00000)
  to   space 2560K, 0% used [0x00000000ef500000,0x00000000ef500000,0x00000000ef780000)
 ParOldGen       total 42496K, used 10739K [0x00000000c2400000, 0x00000000c4d80000, 0x00000000eb700000)
  object space 42496K, 25% used [0x00000000c2400000,0x00000000c2e7cd70,0x00000000c4d80000)
 Metaspace       used 20325K, capacity 20640K, committed 20864K, reserved 1067008K
  class space    used 2539K, capacity 2628K, committed 2688K, reserved 1048576K

Deoptimization events (10 events):
Event: 0.996 Thread 0x00007f57c45db000 Uncommon trap: reason=unstable_if action=reinterpret pc=0x00007f57b52b0b30 method=java.lang.AbstractStringBuilder.append(Ljava/lang/String;)Ljava/lang/AbstractStringBuilder; @ 1
Event: 0.996 Thread 0x00007f57c45db000 Uncommon trap: reason=unstable_if action=reinterpret pc=0x00007f57b5202c24 method=java.lang.AbstractStringBuilder.append(Ljava/lang/String;)Ljava/lang/AbstractStringBuilder; @ 1
Event: 1.359 Thread 0x00007f57881cc000 Uncommon trap: reason=unstable_if action=reinterpret pc=0x00007f57b53a77ec method=java.lang.ThreadLocal.get()Ljava/lang/Object; @ 11
Event: 1.360 Thread 0x00007f57c45db000 Uncommon trap: reason=unstable_if action=reinterpret pc=0x00007f57b539ca58 method=java.net.URL.<init>(Ljava/net/URL;Ljava/lang/String;Ljava/net/URLStreamHandler;)V @ 347
Event: 1.462 Thread 0x00007f57c45db000 Uncommon trap: reason=unstable_if action=reinterpret pc=0x00007f57b526a664 method=java.util.HashMap.hash(Ljava/lang/Object;)I @ 1
Event: 1.874 Thread 0x00007f57881cc000 Uncommon trap: reason=unstable_if action=reinterpret pc=0x00007f57b535d1d0 method=java.util.Properties$LineReader.readLine()I @ 252
Event: 1.878 Thread 0x00007f57881cc000 Uncommon trap: reason=unstable_if action=reinterpret pc=0x00007f57b53355d4 method=java.util.Properties$LineReader.readLine()I @ 200
Event: 1.878 Thread 0x00007f57881cc000 Uncommon trap: reason=unstable_if action=reinterpret pc=0x00007f57b52c6888 method=sun.net.www.ParseUtil.encodePath(Ljava/lang/String;Z)Ljava/lang/String; @ 109
Event: 2.005 Thread 0x00007f57c45db000 Uncommon trap: reason=bimorphic action=maybe_recompile pc=0x00007f57b52f6c10 method=java.util.HashMap.putVal(ILjava/lang/Object;Ljava/lang/Object;ZZ)Ljava/lang/Object; @ 203
Event: 2.050 Thread 0x00007f57c45db000 Uncommon trap: reason=bimorphic action=maybe_recompile pc=0x00007f57b52f6c10 method=java.util.HashMap.putVal(ILjava/lang/Object;Ljava/lang/Object;ZZ)Ljava/lang/Object; @ 203

Internal exceptions (10 events):
Event: 1.260 Thread 0x00007f57c45db000 Exception <a 'java/lang/ClassNotFoundException': org/springframework/boot/SpringApplicationCustomizer> (0x00000000eb989488) thrown at [/build/openjdk-8-YiEakL/openjdk-8-8u121-b13/src/hotspot/src/share/vm/classfile/systemDictionary.cpp, line 210]
Event: 1.359 Thread 0x00007f57881cc000 Implicit null exception at 0x00007f57b53a770b to 0x00007f57b53a77d9
Event: 1.462 Thread 0x00007f57c45db000 Implicit null exception at 0x00007f57b526a475 to 0x00007f57b526a655
Event: 1.607 Thread 0x00007f57c45db000 Exception <a 'java/lang/ClassNotFoundException': java/lang/ObjectCustomizer> (0x00000000eb8ba180) thrown at [/build/openjdk-8-YiEakL/openjdk-8-8u121-b13/src/hotspot/src/share/vm/classfile/systemDictionary.cpp, line 210]
Event: 1.608 Thread 0x00007f57c45db000 Exception <a 'java/lang/ClassNotFoundException': org/springframework/context/annotation/ConfigurationClassPostProcessorCustomizer> (0x00000000eb8dc2c8) thrown at [/build/openjdk-8-YiEakL/openjdk-8-8u121-b13/src/hotspot/src/share/vm/classfile/systemDiction
Event: 1.611 Thread 0x00007f57c45db000 Exception <a 'java/lang/ClassNotFoundException': org/springframework/beans/factory/support/BeanDefinitionRegistryPostProcessorCustomizer> (0x00000000eb90ec38) thrown at [/build/openjdk-8-YiEakL/openjdk-8-8u121-b13/src/hotspot/src/share/vm/classfile/system
Event: 1.612 Thread 0x00007f57c45db000 Exception <a 'java/lang/ClassNotFoundException': org/springframework/core/PriorityOrderedCustomizer> (0x00000000eb925c60) thrown at [/build/openjdk-8-YiEakL/openjdk-8-8u121-b13/src/hotspot/src/share/vm/classfile/systemDictionary.cpp, line 210]
Event: 1.622 Thread 0x00007f57c45db000 Exception <a 'java/lang/ClassNotFoundException': org/springframework/context/ResourceLoaderAwareCustomizer> (0x00000000eb93de00) thrown at [/build/openjdk-8-YiEakL/openjdk-8-8u121-b13/src/hotspot/src/share/vm/classfile/systemDictionary.cpp, line 210]
Event: 1.623 Thread 0x00007f57c45db000 Exception <a 'java/lang/ClassNotFoundException': org/springframework/beans/factory/BeanClassLoaderAwareCustomizer> (0x00000000eb9592a0) thrown at [/build/openjdk-8-YiEakL/openjdk-8-8u121-b13/src/hotspot/src/share/vm/classfile/systemDictionary.cpp, line 21
Event: 1.623 Thread 0x00007f57c45db000 Exception <a 'java/lang/ClassNotFoundException': org/springframework/context/EnvironmentAwareCustomizer> (0x00000000eb9719e8) thrown at [/build/openjdk-8-YiEakL/openjdk-8-8u121-b13/src/hotspot/src/share/vm/classfile/systemDictionary.cpp, line 210]

Events (10 events):
Event: 2.064 loading class org/springframework/boot/autoconfigure/web/ResourceProperties$Chain done
Event: 2.064 Thread 0x00007f57c45db000 DEOPT PACKING pc=0x00007f57b5492593 sp=0x00007f57adb9d490
Event: 2.064 Thread 0x00007f57c45db000 DEOPT UNPACKING pc=0x00007f57b5047373 sp=0x00007f57adb9d210 mode 0
Event: 2.064 loading class org/webjars/WebJarAssetLocator
Event: 2.064 loading class org/webjars/WebJarAssetLocator done
Event: 2.065 loading class org/webjars$WebJarAssetLocator
Event: 2.065 loading class org/webjars$WebJarAssetLocator done
Event: 2.073 loading class org/springframework/beans/factory/annotation/Autowired
Event: 2.073 loading class org/springframework/beans/factory/annotation/Autowired done
Event: 2.091 Executing VM operation: ParallelGCFailedAllocation


Dynamic libraries:
00400000-00401000 r-xp 00000000 ca:01 457520                             /usr/lib/jvm/java-8-openjdk-amd64/jre/bin/java
00600000-00601000 r--p 00000000 ca:01 457520                             /usr/lib/jvm/java-8-openjdk-amd64/jre/bin/java
00601000-00602000 rw-p 00001000 ca:01 457520                             /usr/lib/jvm/java-8-openjdk-amd64/jre/bin/java
01eb7000-01efd000 rw-p 00000000 00:00 0                                  [heap]
c2400000-c4d80000 rw-p 00000000 00:00 0 
c4d80000-eb700000 ---p 00000000 00:00 0 
eb700000-efa00000 rw-p 00000000 00:00 0 
f4700000-100000000 ---p 00000000 00:00 0 
100000000-1002a0000 rw-p 00000000 00:00 0 
1002a0000-140000000 ---p 00000000 00:00 0 
7f5774000000-7f5774173000 rw-p 00000000 00:00 0 
7f5774173000-7f5778000000 ---p 00000000 00:00 0 
7f577c000000-7f577c021000 rw-p 00000000 00:00 0 
7f577c021000-7f5780000000 ---p 00000000 00:00 0 
7f5780000000-7f5780074000 rw-p 00000000 00:00 0 
7f5780074000-7f5784000000 ---p 00000000 00:00 0 
7f5784000000-7f5784021000 rw-p 00000000 00:00 0 
7f5784021000-7f5788000000 ---p 00000000 00:00 0 
7f5788000000-7f57882d9000 rw-p 00000000 00:00 0 
7f57882d9000-7f578c000000 ---p 00000000 00:00 0 
7f578c000000-7f578c61a000 rw-p 00000000 00:00 0 
7f578c61a000-7f5790000000 ---p 00000000 00:00 0 
7f5790000000-7f5790021000 rw-p 00000000 00:00 0 
7f5790021000-7f5794000000 ---p 00000000 00:00 0 
7f5794000000-7f5794021000 rw-p 00000000 00:00 0 
7f5794021000-7f5798000000 ---p 00000000 00:00 0 
7f5798000000-7f57986e2000 rw-p 00000000 00:00 0 
7f57986e2000-7f579c000000 ---p 00000000 00:00 0 
7f579c000000-7f579c021000 rw-p 00000000 00:00 0 
7f579c021000-7f57a0000000 ---p 00000000 00:00 0 
7f57a0000000-7f57a0021000 rw-p 00000000 00:00 0 
7f57a0021000-7f57a4000000 ---p 00000000 00:00 0 
7f57a4000000-7f57a4021000 rw-p 00000000 00:00 0 
7f57a4021000-7f57a8000000 ---p 00000000 00:00 0 
7f57a8000000-7f57a802c000 rw-p 00000000 00:00 0 
7f57a802c000-7f57ac000000 ---p 00000000 00:00 0 
7f57ac458000-7f57ac618000 rw-p 00000000 00:00 0 
7f57ac618000-7f57ac65b000 ---p 00000000 00:00 0 
7f57ac65b000-7f57ac959000 rw-p 00000000 00:00 0 
7f57ac959000-7f57acb59000 rw-p 00000000 00:00 0 
7f57acb59000-7f57acb5c000 ---p 00000000 00:00 0 
7f57acb5c000-7f57acc5a000 rw-p 00000000 00:00 0 
7f57acc5a000-7f57acc71000 r-xp 00000000 ca:01 396936                     /lib/x86_64-linux-gnu/libresolv-2.23.so
7f57acc71000-7f57ace71000 ---p 00017000 ca:01 396936                     /lib/x86_64-linux-gnu/libresolv-2.23.so
7f57ace71000-7f57ace72000 r--p 00017000 ca:01 396936                     /lib/x86_64-linux-gnu/libresolv-2.23.so
7f57ace72000-7f57ace73000 rw-p 00018000 ca:01 396936                     /lib/x86_64-linux-gnu/libresolv-2.23.so
7f57ace73000-7f57ace75000 rw-p 00000000 00:00 0 
7f57ace75000-7f57ace7a000 r-xp 00000000 ca:01 396913                     /lib/x86_64-linux-gnu/libnss_dns-2.23.so
7f57ace7a000-7f57ad07a000 ---p 00005000 ca:01 396913                     /lib/x86_64-linux-gnu/libnss_dns-2.23.so
7f57ad07a000-7f57ad07b000 r--p 00005000 ca:01 396913                     /lib/x86_64-linux-gnu/libnss_dns-2.23.so
7f57ad07b000-7f57ad07c000 rw-p 00006000 ca:01 396913                     /lib/x86_64-linux-gnu/libnss_dns-2.23.so
7f57ad07c000-7f57ad07e000 r-xp 00000000 ca:01 437305                     /lib/x86_64-linux-gnu/libnss_mdns4_minimal.so.2
7f57ad07e000-7f57ad27d000 ---p 00002000 ca:01 437305                     /lib/x86_64-linux-gnu/libnss_mdns4_minimal.so.2
7f57ad27d000-7f57ad27e000 r--p 00001000 ca:01 437305                     /lib/x86_64-linux-gnu/libnss_mdns4_minimal.so.2
7f57ad27e000-7f57ad27f000 rw-p 00002000 ca:01 437305                     /lib/x86_64-linux-gnu/libnss_mdns4_minimal.so.2
7f57ad291000-7f57ad296000 r--s 002f9000 ca:01 307790                     /usr/lib/jvm/java-8-openjdk-amd64/jre/lib/charsets.jar
7f57ad296000-7f57ad29f000 r-xp 00000000 ca:01 307758                     /usr/lib/jvm/java-8-openjdk-amd64/jre/lib/amd64/libmanagement.so
7f57ad29f000-7f57ad49e000 ---p 00009000 ca:01 307758                     /usr/lib/jvm/java-8-openjdk-amd64/jre/lib/amd64/libmanagement.so
7f57ad49e000-7f57ad49f000 r--p 00008000 ca:01 307758                     /usr/lib/jvm/java-8-openjdk-amd64/jre/lib/amd64/libmanagement.so
7f57ad49f000-7f57ad4a0000 rw-p 00009000 ca:01 307758                     /usr/lib/jvm/java-8-openjdk-amd64/jre/lib/amd64/libmanagement.so
7f57ad4a0000-7f57ad6a0000 rw-p 00000000 00:00 0 
7f57ad6a0000-7f57ad8a0000 rw-p 00000000 00:00 0 
7f57ad8a0000-7f57ad8a3000 ---p 00000000 00:00 0 
7f57ad8a3000-7f57ad9a1000 rw-p 00000000 00:00 0 
7f57ad9a1000-7f57ad9a4000 ---p 00000000 00:00 0 
7f57ad9a4000-7f57adaa2000 rw-p 00000000 00:00 0 
7f57adaa2000-7f57adaa5000 ---p 00000000 00:00 0 
7f57adaa5000-7f57adba3000 rw-p 00000000 00:00 0 
7f57adba3000-7f57adba7000 r-xp 00000000 ca:01 49507                      /home/ubuntu/.gradle/native/19/linux-amd64/libnative-platform.so
7f57adba7000-7f57adda6000 ---p 00004000 ca:01 49507                      /home/ubuntu/.gradle/native/19/linux-amd64/libnative-platform.so
7f57adda6000-7f57adda7000 rw-p 00003000 ca:01 49507                      /home/ubuntu/.gradle/native/19/linux-amd64/libnative-platform.so
7f57adda7000-7f57addab000 r--s 0009a000 ca:01 307787                     /usr/lib/jvm/java-8-openjdk-amd64/jre/lib/jsse.jar
7f57addab000-7f57addbc000 r-xp 00000000 ca:01 307751                     /usr/lib/jvm/java-8-openjdk-amd64/jre/lib/amd64/libnio.so
7f57addbc000-7f57adfbc000 ---p 00011000 ca:01 307751                     /usr/lib/jvm/java-8-openjdk-amd64/jre/lib/amd64/libnio.so
7f57adfbc000-7f57adfbd000 r--p 00011000 ca:01 307751                     /usr/lib/jvm/java-8-openjdk-amd64/jre/lib/amd64/libnio.so
7f57adfbd000-7f57adfbe000 rw-p 00012000 ca:01 307751                     /usr/lib/jvm/java-8-openjdk-amd64/jre/lib/amd64/libnio.so
7f57adfbe000-7f57adfbf000 r--s 0000c000 ca:01 50683                      /home/ubuntu/.gradle/caches/modules-2/files-2.1/org.ow2.asm/asm/5.0.3/dcc2193db20e19e1feca8b1240dbbc4e190824fa/asm-5.0.3.jar
7f57adfbf000-7f57adfca000 r--s 00069000 ca:01 50681                      /home/ubuntu/.gradle/caches/modules-2/files-2.1/ch.qos.logback/logback-core/1.1.9/e05d0cb67220937c32d7b4e5a47f967605376f63/logback-core-1.1.9.jar
7f57adfca000-7f57adfcc000 r--s 00012000 ca:01 50679                      /home/ubuntu/.gradle/caches/modules-2/files-2.1/net.minidev/accessors-smart/1.1/a527213f2fea112a04c9bdf0ec0264e34104cd08/accessors-smart-1.1.jar
7f57adfcc000-7f57adfce000 r--s 00009000 ca:01 50677                      /home/ubuntu/.gradle/caches/modules-2/files-2.1/org.apache.tomcat/tomcat-juli/8.5.11/fa0b261ce002175b65ebb6ae8eb4345cb7e57da3/tomcat-juli-8.5.11.jar
7f57adfce000-7f57adfd0000 r--s 00004000 ca:01 50675                      /home/ubuntu/.gradle/caches/modules-2/files-2.1/org.slf4j/log4j-over-slf4j/1.7.22/a527c37e9ca6c3d19ba298edd4aa344ca751a203/log4j-over-slf4j-1.7.22.jar
7f57adfd0000-7f57adfd2000 r--s 00000000 ca:01 50673                      /home/ubuntu/.gradle/caches/modules-2/files-2.1/org.slf4j/jul-to-slf4j/1.7.22/b0429e950b3d2bc2c39c1bacafac753edbe3781c/jul-to-slf4j-1.7.22.jar
7f57adfd2000-7f57adfd8000 r--s 00045000 ca:01 50671                      /home/ubuntu/.gradle/caches/modules-2/files-2.1/ch.qos.logback/logback-classic/1.1.9/978cd9fbb43b7abed6379d7b02de052d216e30fc/logback-classic-1.1.9.jar
7f57adfd8000-7f57adfd9000 r--s 00004000 ca:01 50669                      /home/ubuntu/.gradle/caches/modules-2/files-2.1/com.vaadin.external.google/android-json/0.0.20131108.vaadin1/fa26d351fe62a6a17f5cda1287c1c6110dec413f/android-json-0.0.20131108.vaadin1.jar
7f57adfd9000-7f57adfdb000 r--s 00009000 ca:01 50667                      /home/ubuntu/.gradle/caches/modules-2/files-2.1/org.objenesis/objenesis/2.1/87c0ea803b69252868d09308b4618f766f135a96/objenesis-2.1.jar
7f57adfdb000-7f57adfde000 r--s 0001b000 ca:01 50665                      /home/ubuntu/.gradle/caches/modules-2/files-2.1/net.minidev/json-smart/2.2.1/5b9e5df7a62d1279b70dc882b041d249c4f0b002/json-smart-2.2.1.jar
7f57adfde000-7f57adfe3000 r--s 0003c000 ca:01 50663                      /home/ubuntu/.gradle/caches/modules-2/files-2.1/org.springframework/spring-expression/4.3.6.RELEASE/13b53568cfd7b308e70efcbac6cdd0c5d597ba1/spring-expression-4.3.6.RELEASE.jar
7f57adfe3000-7f57adfe7000 r--s 00041000 ca:01 50661                      /home/ubuntu/.gradle/caches/modules-2/files-2.1/com.fasterxml.jackson.core/jackson-core/2.8.6/2ef7b1cc34de149600f5e75bc2d5bf40de894e60/jackson-core-2.8.6.jar
7f57adfe7000-7f57adfea000 r--s 0000b000 ca:01 50659                      /home/ubuntu/.gradle/caches/modules-2/files-2.1/com.fasterxml.jackson.core/jackson-annotations/2.8.0/45b426f7796b741035581a176744d91090e2e6fb/jackson-annotations-2.8.0.jar
7f57adfea000-7f57adfec000 r--s 0000e000 ca:01 50657                      /home/ubuntu/.gradle/caches/modules-2/files-2.1/com.fasterxml/classmate/1.3.3/864c8e370a691e343210cc7c532fc198cee460d8/classmate-1.3.3.jar
7f57adfec000-7f57adff0000 r--s 0000c000 ca:01 50655                      /home/ubuntu/.gradle/caches/modules-2/files-2.1/javax.validation/validation-api/1.1.0.Final/8613ae82954779d518631e05daa73a6a954817d5/validation-api-1.1.0.Final.jar
7f57adff0000-7f57adff5000 r--s 00036000 ca:01 50653                      /home/ubuntu/.gradle/caches/modules-2/files-2.1/org.apache.tomcat.embed/tomcat-embed-websocket/8.5.11/dfa65e7857d46630761c0571758a56f7cbd1e9ba/tomcat-embed-websocket-8.5.11.jar
7f57adff5000-7f57adffa000 r--s 00036000 ca:01 50651                      /home/ubuntu/.gradle/caches/modules-2/files-2.1/org.apache.tomcat.embed/tomcat-embed-el/8.5.11/60253815b897166903bf5ec41219c5bb15333a69/tomcat-embed-el-8.5.11.jar
7f57adffa000-7f57ae023000 r--s 002b8000 ca:01 50649                      /home/ubuntu/.gradle/caches/modules-2/files-2.1/org.apache.tomcat.embed/tomcat-embed-core/8.5.11/72761f51fc7cef3ee19d4aafc7adc605df9f611f/tomcat-embed-core-8.5.11.jar
7f57ae023000-7f57ae025000 r--s 00003000 ca:01 50647                      /home/ubuntu/.gradle/caches/modules-2/files-2.1/org.slf4j/jcl-over-slf4j/1.7.22/86ceac14535af5a42c8fb0d06d79b925dd3cb263/jcl-over-slf4j-1.7.22.jar
7f57ae025000-7f57ae027000 r--s 00009000 ca:01 50645                      /home/ubuntu/.gradle/caches/modules-2/files-2.1/org.slf4j/slf4j-api/1.7.22/a1c83373863cec7ae8d89dc1c5722d8cb6ec0309/slf4j-api-1.7.22.jar
7f57ae027000-7f57ae035000 r--s 000ad000 ca:01 50643                      /home/ubuntu/.gradle/caches/modules-2/files-2.1/org.springframework/spring-beans/4.3.6.RELEASE/1585715ed598b76a23dac931c27aa039b189eafb/spring-beans-4.3.6.RELEASE.jar
7f57ae035000-7f57ae03d000 r--s 0003a000 ca:01 50641                      /home/ubuntu/.gradle/caches/modules-2/files-2.1/org.springframework/spring-tx/4.3.6.RELEASE/41b8d5a15a8fcdfef9b2422ea2d97df326b6074b/spring-tx-4.3.6.RELEASE.jar
7f57ae03d000-7f57ae056000 r--s 000fd000 ca:01 50639                      /home/ubuntu/.gradle/caches/modules-2/files-2.1/org.springframework/spring-context/4.3.6.RELEASE/5f3041020113e3202a7ae9defe36e7b5d2fb87eb/spring-context-4.3.6.RELEASE.jar
7f57ae056000-7f57ae060000 r--s 0006b000 ca:01 50637                      /home/ubuntu/.gradle/caches/modules-2/files-2.1/org.springframework/spring-orm/4.3.6.RELEASE/16792e74cc27a032f2ac974972ec0d4ccb9bf18e/spring-orm-4.3.6.RELEASE.jar
7f57ae060000-7f57ae073000 r--s 000a8000 ca:01 50635                      /home/ubuntu/.gradle/caches/modules-2/files-2.1/org.springframework.data/spring-data-commons/1.13.0.RELEASE/4472200cf3fca46e12612e548c4a52a531edf10b/spring-data-commons-1.13.0.RELEASE.jar
7f57ae073000-7f57ae076000 r--s 00010000 ca:01 50633                      /home/ubuntu/.gradle/caches/modules-2/files-2.1/org.hibernate.common/hibernate-commons-annotations/5.0.1.Final/71e1cff3fcb20d3b3af4f3363c3ddb24d33c6879/hibernate-commons-annotations-5.0.1.Final.jar
7f57ae076000-7f57ae07b000 r--s 00048000 ca:01 50631                      /home/ubuntu/.gradle/caches/modules-2/files-2.1/dom4j/dom4j/1.6.1/5d3ccc056b6f056dbf0dddfdf43894b9065a8f94/dom4j-1.6.1.jar
7f57ae07b000-7f57ae07e000 r--s 0002b000 ca:01 50629                      /home/ubuntu/.gradle/caches/modules-2/files-2.1/org.jboss/jandex/2.0.0.Final/3e899258936f94649c777193e1be846387ed54b3/jandex-2.0.0.Final.jar
7f57ae07e000-7f57ae083000 r--s 00068000 ca:01 50627                      /home/ubuntu/.gradle/caches/modules-2/files-2.1/antlr/antlr/2.7.7/83cd2cd674a217ade95a4bb83a8a14f351f48bd0/antlr-2.7.7.jar
7f57ae083000-7f57ae08d000 r--s 000aa000 ca:01 50625                      /home/ubuntu/.gradle/caches/modules-2/files-2.1/org.javassist/javassist/3.21.0-GA/598244f595db5c5fb713731eddbb1c91a58d959b/javassist-3.21.0-GA.jar
7f57ae08d000-7f57ae092000 r--s 00017000 ca:01 50623                      /home/ubuntu/.gradle/caches/modules-2/files-2.1/org.hibernate.javax.persistence/hibernate-jpa-2.1-api/1.0.0.Final/5e731d961297e5a07290bfaf3db1fbc8bbbf405a/hibernate-jpa-2.1-api-1.0.0.Final.jar
7f57ae092000-7f57ae094000 r--s 0000f000 ca:01 50621                      /home/ubuntu/.gradle/caches/modules-2/files-2.1/org.jboss.logging/jboss-logging/3.3.0.Final/3616bb87707910296e2c195dc016287080bba5af/jboss-logging-3.3.0.Final.jar
7f57ae094000-7f57ae09e000 r--s 0005f000 ca:01 50619                      /home/ubuntu/.gradle/caches/modules-2/files-2.1/org.springframework/spring-jdbc/4.3.6.RELEASE/6b7855cfbc636dff3d902f4f335fc69e7309d55c/spring-jdbc-4.3.6.RELEASE.jar
7f57ae09e000-7f57ae0a1000 r--s 00020000 ca:01 50617                      /home/ubuntu/.gradle/caches/modules-2/files-2.1/org.apache.tomcat/tomcat-jdbc/8.5.11/4d156969f12963b5f9232e9fe68ab710c3318ad5/tomcat-jdbc-8.5.11.jar
7f57ae0a1000-7f57ae0ba000 r--s 001af000 ca:01 50615                      /home/ubuntu/.gradle/caches/modules-2/files-2.1/org.aspectj/aspectjweaver/1.8.9/db28774f477f07220eac18d5ec9c4e01f48589d7/aspectjweaver-1.8.9.jar
7f57ae0ba000-7f57ae0c3000 r--s 00054000 ca:01 50613                      /home/ubuntu/.gradle/caches/modules-2/files-2.1/org.springframework/spring-aop/4.3.6.RELEASE/d70b2393d380cd468d9a14969efaf9022c67c0/spring-aop-4.3.6.RELEASE.jar
7f57ae0c3000-7f57ae0c9000 r--s 0003d000 ca:01 50611                      /home/ubuntu/.gradle/caches/modules-2/files-2.1/org.yaml/snakeyaml/1.17/7a27ea250c5130b2922b86dea63cbb1cc10a660c/snakeyaml-1.17.jar
7f57ae0c9000-7f57ae0ca000 r--s 00000000 ca:01 50609                      /home/ubuntu/.gradle/caches/modules-2/files-2.1/org.springframework.boot/spring-boot-starter-logging/1.5.1.RELEASE/889d35cc87daa453a823056798a4039cd321952a/spring-boot-starter-logging-1.5.1.RELEASE.jar
7f57ae0ca000-7f57ae0e9000 r--s 000df000 ca:01 50607                      /home/ubuntu/.gradle/caches/modules-2/files-2.1/org.springframework.boot/spring-boot-autoconfigure/1.5.1.RELEASE/251d960da2d5adfd55cf0281fcdfa69ab525a36d/spring-boot-autoconfigure-1.5.1.RELEASE.jar
7f57ae0e9000-7f57ae0f9000 r--s 00092000 ca:01 50605                      /home/ubuntu/.gradle/caches/modules-2/files-2.1/org.springframework.boot/spring-boot/1.5.1.RELEASE/670ebd283098aa2d8a397af84fbe6ea152a4d8fa/spring-boot-1.5.1.RELEASE.jar
7f57ae0f9000-7f57ae108000 r--s 00084000 ca:01 50603                      /home/ubuntu/.gradle/caches/modules-2/files-2.1/org.springframework/spring-test/4.3.6.RELEASE/233edfdbe5f895cd6585001ef30122e5604442b4/spring-test-4.3.6.RELEASE.jar
7f57ae108000-7f57ae11e000 r--s 000fb000 ca:01 49746                      /home/ubuntu/.gradle/caches/modules-2/files-2.1/org.springframework/spring-core/4.3.6.RELEASE/690da099c3c2d2536210f0fd06ff3f336de43ad9/spring-core-4.3.6.RELEASE.jar
7f57ae11e000-7f57ae120000 r--s 00006000 ca:01 50601                      /home/ubuntu/.gradle/caches/modules-2/files-2.1/org.skyscreamer/jsonassert/1.4.0/9cdbb373a06f6513e51e8c545ee6a5e981463edb/jsonassert-1.4.0.jar
7f57ae120000-7f57b0000000 rw-p 00000000 00:00 0 
7f57b0000000-7f57b0021000 rw-p 00000000 00:00 0 
7f57b0021000-7f57b4000000 ---p 00000000 00:00 0 
7f57b4000000-7f57b4001000 r--s 0000c000 ca:01 50599                      /home/ubuntu/.gradle/caches/modules-2/files-2.1/org.hamcrest/hamcrest-library/1.3/4785a3c21320980282f9f33d0d1264a69040538f/hamcrest-library-1.3.jar
7f57b4001000-7f57b4003000 r--s 00009000 ca:01 50597                      /home/ubuntu/.gradle/caches/modules-2/files-2.1/org.hamcrest/hamcrest-core/1.3/42a25dc3219429f0e5d060061f71acb49bf010a0/hamcrest-core-1.3.jar
7f57b4003000-7f57b401f000 r--s 00103000 ca:01 50595                      /home/ubuntu/.gradle/caches/modules-2/files-2.1/org.mockito/mockito-core/1.10.19/e8546f5bef4e061d8dd73895b4e8f40e3fe6effe/mockito-core-1.10.19.jar
7f57b401f000-7f57b4033000 r--s 000dc000 ca:01 50593                      /home/ubuntu/.gradle/caches/modules-2/files-2.1/org.assertj/assertj-core/2.6.0/b532c3fc4f66bcfee4989a3514f1cd56203a33ad/assertj-core-2.6.0.jar
7f57b4033000-7f57b403b000 r--s 00045000 ca:01 50591                      /home/ubuntu/.gradle/caches/modules-2/files-2.1/junit/junit/4.12/2973d150c0dc1fefe998f834810d68f278ea58ec/junit-4.12.jar
7f57b403b000-7f57b4040000 r--s 0002e000 ca:01 50589                      /home/ubuntu/.gradle/caches/modules-2/files-2.1/com.jayway.jsonpath/json-path/2.2.0/22290d17944bd239fabf5ac69005a60a7ecbbbcb/json-path-2.2.0.jar
7f57b4040000-7f57b4045000 r--s 00019000 ca:01 50587                      /home/ubuntu/.gradle/caches/modules-2/files-2.1/org.springframework.boot/spring-boot-test-autoconfigure/1.5.1.RELEASE/dfde47412acedab21af1108cc71c3e91fff6c49d/spring-boot-test-autoconfigure-1.5.1.RELEASE.jar
7f57b4045000-7f57b4049000 r--s 0001f000 ca:01 50585                      /home/ubuntu/.gradle/caches/modules-2/files-2.1/org.springframework.boot/spring-boot-test/1.5.1.RELEASE/c88cf507cea6ceb4d7850d4a5149a29a87b78194/spring-boot-test-1.5.1.RELEASE.jar
7f57b4049000-7f57b405a000 r--s 000cf000 ca:01 50583                      /home/ubuntu/.gradle/caches/modules-2/files-2.1/org.springframework/spring-webmvc/4.3.6.RELEASE/ea55690d6d61ad70e2569db1e1add1603e427862/spring-webmvc-4.3.6.RELEASE.jar
7f57b405a000-7f57b406c000 r--s 000b6000 ca:01 50581                      /home/ubuntu/.gradle/caches/modules-2/files-2.1/org.springframework/spring-web/4.3.6.RELEASE/8b8bf8fc6ed4acd5ae0baa6179f1cccc52aaa9aa/spring-web-4.3.6.RELEASE.jar
7f57b406c000-7f57b407d000 r--s 0011d000 ca:01 50579                      /home/ubuntu/.gradle/caches/modules-2/files-2.1/com.fasterxml.jackson.core/jackson-databind/2.8.6/c43de61f74ecc61322ef8f402837ba65b0aa2bf4/jackson-databind-2.8.6.jar
7f57b407d000-7f57b408e000 r--s 000a1000 ca:01 50577                      /home/ubuntu/.gradle/caches/modules-2/files-2.1/org.hibernate/hibernate-validator/5.3.4.Final/2f6c8c0b646afe18e3ad205726729d3c4a85fe2e/hibernate-validator-5.3.4.Final.jar
7f57b408e000-7f57b408f000 r--s 00000000 ca:01 50575                      /home/ubuntu/.gradle/caches/modules-2/files-2.1/org.springframework.boot/spring-boot-starter-tomcat/1.5.1.RELEASE/edf030756ec627ad4d9beb6710c3b0da77412782/spring-boot-starter-tomcat-1.5.1.RELEASE.jar
7f57b408f000-7f57b4092000 r--s 0000c000 ca:01 50573                      /home/ubuntu/.gradle/caches/modules-2/files-2.1/org.springframework/spring-aspects/4.3.6.RELEASE/f89e7d952f8981ee616ac5e680d020ae7c52c068/spring-aspects-4.3.6.RELEASE.jar
7f57b4092000-7f57b4099000 r--s 00040000 ca:01 50571                      /home/ubuntu/.gradle/caches/modules-2/files-2.1/org.springframework.data/spring-data-jpa/1.11.0.RELEASE/a4c55e3492e511fb1fa956fdefc4aff7904bb799/spring-data-jpa-1.11.0.RELEASE.jar
7f57b4099000-7f57b409b000 r--s 00006000 ca:01 50569                      /home/ubuntu/.gradle/caches/modules-2/files-2.1/javax.transaction/javax.transaction-api/1.2/d81aff979d603edd90dcd8db2abc1f4ce6479e3e/javax.transaction-api-1.2.jar
7f57b409b000-7f57b40a8000 r--s 00089000 ca:01 50567                      /home/ubuntu/.gradle/caches/modules-2/files-2.1/org.hibernate/hibernate-entitymanager/5.0.11.Final/549565caed4e0bcb816843693e66ff7b04ce025f/hibernate-entitymanager-5.0.11.Final.jar
7f57b40a8000-7f57b4111000 r--s 004f3000 ca:01 50565                      /home/ubuntu/.gradle/caches/modules-2/files-2.1/org.hibernate/hibernate-core/5.0.11.Final/c2487fb72a2217a7cec9ab478d4c21a36fc09977/hibernate-core-5.0.11.Final.jar
7f57b4111000-7f57b4112000 r--s 00000000 ca:01 50563                      /home/ubuntu/.gradle/caches/modules-2/files-2.1/org.springframework.boot/spring-boot-starter-jdbc/1.5.1.RELEASE/92022d685035a0b043ce581870fceac7156f427d/spring-boot-starter-jdbc-1.5.1.RELEASE.jar
7f57b4112000-7f57b4113000 r--s 00000000 ca:01 50561                      /home/ubuntu/.gradle/caches/modules-2/files-2.1/org.springframework.boot/spring-boot-starter-aop/1.5.1.RELEASE/c03e2abaa0dc45a64f2a71dd0e6db940ef326dd5/spring-boot-starter-aop-1.5.1.RELEASE.jar
7f57b4113000-7f57b4114000 r--s 00000000 ca:01 50559                      /home/ubuntu/.gradle/caches/modules-2/files-2.1/org.springframework.boot/spring-boot-starter/1.5.1.RELEASE/5fb187e6a363b9145e3f7f18130ba64e9e22dad8/spring-boot-starter-1.5.1.RELEASE.jar
7f57b4114000-7f57b4145000 rw-p 00000000 00:00 0 
7f57b4145000-7f57b415c000 r-xp 00000000 ca:01 307743                     /usr/lib/jvm/java-8-openjdk-amd64/jre/lib/amd64/libnet.so
7f57b415c000-7f57b435b000 ---p 00017000 ca:01 307743                     /usr/lib/jvm/java-8-openjdk-amd64/jre/lib/amd64/libnet.so
7f57b435b000-7f57b435c000 r--p 00016000 ca:01 307743                     /usr/lib/jvm/java-8-openjdk-amd64/jre/lib/amd64/libnet.so
7f57b435c000-7f57b435d000 rw-p 00017000 ca:01 307743                     /usr/lib/jvm/java-8-openjdk-amd64/jre/lib/amd64/libnet.so
7f57b435d000-7f57b435e000 ---p 00000000 00:00 0 
7f57b435e000-7f57b445e000 rw-p 00000000 00:00 0 
7f57b445e000-7f57b4461000 ---p 00000000 00:00 0 
7f57b4461000-7f57b455f000 rw-p 00000000 00:00 0 
7f57b455f000-7f57b4562000 ---p 00000000 00:00 0 
7f57b4562000-7f57b4660000 rw-p 00000000 00:00 0 
7f57b4660000-7f57b4663000 ---p 00000000 00:00 0 
7f57b4663000-7f57b4761000 rw-p 00000000 00:00 0 
7f57b4761000-7f57b4764000 ---p 00000000 00:00 0 
7f57b4764000-7f57b4862000 rw-p 00000000 00:00 0 
7f57b4862000-7f57b49fa000 r--p 00000000 ca:01 1683                       /usr/lib/locale/locale-archive
7f57b49fa000-7f57b49fd000 ---p 00000000 00:00 0 
7f57b49fd000-7f57b4afb000 rw-p 00000000 00:00 0 
7f57b4afb000-7f57b4afe000 ---p 00000000 00:00 0 
7f57b4afe000-7f57b4bfc000 rw-p 00000000 00:00 0 
7f57b4bfc000-7f57b4bfd000 ---p 00000000 00:00 0 
7f57b4bfd000-7f57b5000000 rw-p 00000000 00:00 0 
7f57b5000000-7f57b5590000 rwxp 00000000 00:00 0 
7f57b5590000-7f57c4000000 ---p 00000000 00:00 0 
7f57c4000000-7f57c4634000 rw-p 00000000 00:00 0 
7f57c4634000-7f57c8000000 ---p 00000000 00:00 0 
7f57c8000000-7f57c8001000 r--s 00000000 ca:01 50557                      /home/ubuntu/.gradle/caches/modules-2/files-2.1/org.springframework.boot/spring-boot-starter-test/1.5.1.RELEASE/952a57bc721054e30691a62c21713d97c27e4285/spring-boot-starter-test-1.5.1.RELEASE.jar
7f57c8001000-7f57c8010000 r--s 001a7000 ca:01 50555                      /home/ubuntu/.gradle/caches/modules-2/files-2.1/com.h2database/h2/1.4.193/369b51e2090c4e6714d9d5e42010b6330c2cea26/h2-1.4.193.jar
7f57c8010000-7f57c8011000 r--s 00000000 ca:01 50553                      /home/ubuntu/.gradle/caches/modules-2/files-2.1/org.springframework.boot/spring-boot-starter-web/1.5.1.RELEASE/8404c45cb53a05edcd0ad8fc57a5fe43462263d8/spring-boot-starter-web-1.5.1.RELEASE.jar
7f57c8011000-7f57c8012000 r--s 00000000 ca:01 50550                      /home/ubuntu/.gradle/caches/modules-2/files-2.1/org.springframework.boot/spring-boot-starter-data-jpa/1.5.1.RELEASE/c65567d9300f4b2a5e0ad9ecc3a7696e7d640771/spring-boot-starter-data-jpa-1.5.1.RELEASE.jar
7f57c8012000-7f57c801a000 r--s 00045000 ca:01 49447                      /home/ubuntu/.gradle/wrapper/dists/gradle-2.13-bin/4xsgxlfjcxvrea7akf941nvc7/gradle-2.13/lib/plugins/junit-4.12.jar
7f57c801a000-7f57c801f000 r--s 00041000 ca:01 49350                      /home/ubuntu/.gradle/wrapper/dists/gradle-2.13-bin/4xsgxlfjcxvrea7akf941nvc7/gradle-2.13/lib/commons-lang-2.6.jar
7f57c801f000-7f57c8023000 r--s 00026000 ca:01 49375                      /home/ubuntu/.gradle/wrapper/dists/gradle-2.13-bin/4xsgxlfjcxvrea7akf941nvc7/gradle-2.13/lib/kryo-2.20.jar
7f57c8023000-7f57c8026000 r--s 0000d000 ca:01 49372                      /home/ubuntu/.gradle/wrapper/dists/gradle-2.13-bin/4xsgxlfjcxvrea7akf941nvc7/gradle-2.13/lib/native-platform-0.10.jar
7f57c8026000-7f57c8028000 r--s 00000000 ca:01 49359                      /home/ubuntu/.gradle/wrapper/dists/gradle-2.13-bin/4xsgxlfjcxvrea7akf941nvc7/gradle-2.13/lib/jul-to-slf4j-1.7.10.jar
7f57c8028000-7f57c8029000 r--s 00007000 ca:01 49348                      /home/ubuntu/.gradle/wrapper/dists/gradle-2.13-bin/4xsgxlfjcxvrea7akf941nvc7/gradle-2.13/lib/slf4j-api-1.7.10.jar
7f57c8029000-7f57c8051000 r--s 001cf000 ca:01 49349                      /home/ubuntu/.gradle/wrapper/dists/gradle-2.13-bin/4xsgxlfjcxvrea7akf941nvc7/gradle-2.13/lib/guava-jdk5-17.0.jar
7f57c8051000-7f57c8057000 r--s 0002d000 ca:01 49420                      /home/ubuntu/.gradle/wrapper/dists/gradle-2.13-bin/4xsgxlfjcxvrea7akf941nvc7/gradle-2.13/lib/plugins/gradle-testing-jvm-2.13.jar
7f57c8057000-7f57c805c000 r--s 00015000 ca:01 49418                      /home/ubuntu/.gradle/wrapper/dists/gradle-2.13-bin/4xsgxlfjcxvrea7akf941nvc7/gradle-2.13/lib/plugins/gradle-testing-base-2.13.jar
7f57c805c000-7f57c805e000 r--s 00009000 ca:01 49347                      /home/ubuntu/.gradle/wrapper/dists/gradle-2.13-bin/4xsgxlfjcxvrea7akf941nvc7/gradle-2.13/lib/gradle-native-2.13.jar
7f57c805e000-7f57c8060000 r--s 00005000 ca:01 49344                      /home/ubuntu/.gradle/wrapper/dists/gradle-2.13-bin/4xsgxlfjcxvrea7akf941nvc7/gradle-2.13/lib/gradle-cli-2.13.jar
7f57c8060000-7f57c8068000 r--s 00038000 ca:01 49342                      /home/ubuntu/.gradle/wrapper/dists/gradle-2.13-bin/4xsgxlfjcxvrea7akf941nvc7/gradle-2.13/lib/gradle-base-services-2.13.jar
7f57c8068000-7f57c806e000 r--s 00025000 ca:01 49363                      /home/ubuntu/.gradle/wrapper/dists/gradle-2.13-bin/4xsgxlfjcxvrea7akf941nvc7/gradle-2.13/lib/gradle-messaging-2.13.jar
7f57c806e000-7f57c80a6000 r--s 001c8000 ca:01 49343                      /home/ubuntu/.gradle/wrapper/dists/gradle-2.13-bin/4xsgxlfjcxvrea7akf941nvc7/gradle-2.13/lib/gradle-core-2.13.jar
7f57c80a6000-7f57c80a7000 r--s 00005000 ca:01 61666                      /home/ubuntu/.gradle/caches/2.13/workerMain/gradle-worker.jar
7f57c80a7000-7f57c80ab000 r--s 00037000 ca:01 307782                     /usr/lib/jvm/java-8-openjdk-amd64/jre/lib/ext/sunpkcs11.jar
7f57c80ab000-7f57c80ac000 r--s 0000a000 ca:01 307785                     /usr/lib/jvm/java-8-openjdk-amd64/jre/lib/ext/jaccess.jar
7f57c80ac000-7f57c80af000 r--s 0000f000 ca:01 307779                     /usr/lib/jvm/java-8-openjdk-amd64/jre/lib/ext/icedtea-sound.jar
7f57c80af000-7f57c80ca000 r--s 00394000 ca:01 307780                     /usr/lib/jvm/java-8-openjdk-amd64/jre/lib/ext/cldrdata.jar
7f57c80ca000-7f57c80e5000 r--s 001d6000 ca:01 307777                     /usr/lib/jvm/java-8-openjdk-amd64/jre/lib/ext/nashorn.jar
7f57c80e5000-7f57c8759000 rw-p 00000000 00:00 0 
7f57c8759000-7f57c8927000 r--s 03c06000 ca:01 307791                     /usr/lib/jvm/java-8-openjdk-amd64/jre/lib/rt.jar
7f57c8927000-7f57c938b000 rw-p 00000000 00:00 0 
7f57c938b000-7f57c938c000 ---p 00000000 00:00 0 
7f57c938c000-7f57c948c000 rw-p 00000000 00:00 0 
7f57c948c000-7f57c948d000 ---p 00000000 00:00 0 
7f57c948d000-7f57c95a2000 rw-p 00000000 00:00 0 
7f57c95a2000-7f57c96d7000 ---p 00000000 00:00 0 
7f57c96d7000-7f57c96ec000 rw-p 00000000 00:00 0 
7f57c96ec000-7f57c9820000 ---p 00000000 00:00 0 
7f57c9820000-7f57c9842000 rw-p 00000000 00:00 0 
7f57c9842000-7f57c98c5000 ---p 00000000 00:00 0 
7f57c98c5000-7f57c98dd000 rw-p 00000000 00:00 0 
7f57c98dd000-7f57c9c86000 ---p 00000000 00:00 0 
7f57c9c86000-7f57c9c8e000 r-xp 00000000 ca:01 307741                     /usr/lib/jvm/java-8-openjdk-amd64/jre/lib/amd64/libzip.so
7f57c9c8e000-7f57c9e8d000 ---p 00008000 ca:01 307741                     /usr/lib/jvm/java-8-openjdk-amd64/jre/lib/amd64/libzip.so
7f57c9e8d000-7f57c9e8e000 r--p 00007000 ca:01 307741                     /usr/lib/jvm/java-8-openjdk-amd64/jre/lib/amd64/libzip.so
7f57c9e8e000-7f57c9e8f000 rw-p 00008000 ca:01 307741                     /usr/lib/jvm/java-8-openjdk-amd64/jre/lib/amd64/libzip.so
7f57c9e8f000-7f57c9e9a000 r-xp 00000000 ca:01 396914                     /lib/x86_64-linux-gnu/libnss_files-2.23.so
7f57c9e9a000-7f57ca099000 ---p 0000b000 ca:01 396914                     /lib/x86_64-linux-gnu/libnss_files-2.23.so
7f57ca099000-7f57ca09a000 r--p 0000a000 ca:01 396914                     /lib/x86_64-linux-gnu/libnss_files-2.23.so
7f57ca09a000-7f57ca09b000 rw-p 0000b000 ca:01 396914                     /lib/x86_64-linux-gnu/libnss_files-2.23.so
7f57ca09b000-7f57ca0a1000 rw-p 00000000 00:00 0 
7f57ca0a1000-7f57ca0ac000 r-xp 00000000 ca:01 396916                     /lib/x86_64-linux-gnu/libnss_nis-2.23.so
7f57ca0ac000-7f57ca2ab000 ---p 0000b000 ca:01 396916                     /lib/x86_64-linux-gnu/libnss_nis-2.23.so
7f57ca2ab000-7f57ca2ac000 r--p 0000a000 ca:01 396916                     /lib/x86_64-linux-gnu/libnss_nis-2.23.so
7f57ca2ac000-7f57ca2ad000 rw-p 0000b000 ca:01 396916                     /lib/x86_64-linux-gnu/libnss_nis-2.23.so
7f57ca2ad000-7f57ca2c3000 r-xp 00000000 ca:01 396911                     /lib/x86_64-linux-gnu/libnsl-2.23.so
7f57ca2c3000-7f57ca4c2000 ---p 00016000 ca:01 396911                     /lib/x86_64-linux-gnu/libnsl-2.23.so
7f57ca4c2000-7f57ca4c3000 r--p 00015000 ca:01 396911                     /lib/x86_64-linux-gnu/libnsl-2.23.so
7f57ca4c3000-7f57ca4c4000 rw-p 00016000 ca:01 396911                     /lib/x86_64-linux-gnu/libnsl-2.23.so
7f57ca4c4000-7f57ca4c6000 rw-p 00000000 00:00 0 
7f57ca4c6000-7f57ca4ce000 r-xp 00000000 ca:01 396912                     /lib/x86_64-linux-gnu/libnss_compat-2.23.so
7f57ca4ce000-7f57ca6cd000 ---p 00008000 ca:01 396912                     /lib/x86_64-linux-gnu/libnss_compat-2.23.so
7f57ca6cd000-7f57ca6ce000 r--p 00007000 ca:01 396912                     /lib/x86_64-linux-gnu/libnss_compat-2.23.so
7f57ca6ce000-7f57ca6cf000 rw-p 00008000 ca:01 396912                     /lib/x86_64-linux-gnu/libnss_compat-2.23.so
7f57ca6cf000-7f57ca6fc000 r-xp 00000000 ca:01 307766                     /usr/lib/jvm/java-8-openjdk-amd64/jre/lib/amd64/libjava.so
7f57ca6fc000-7f57ca8fb000 ---p 0002d000 ca:01 307766                     /usr/lib/jvm/java-8-openjdk-amd64/jre/lib/amd64/libjava.so
7f57ca8fb000-7f57ca8fc000 r--p 0002c000 ca:01 307766                     /usr/lib/jvm/java-8-openjdk-amd64/jre/lib/amd64/libjava.so
7f57ca8fc000-7f57ca8fe000 rw-p 0002d000 ca:01 307766                     /usr/lib/jvm/java-8-openjdk-amd64/jre/lib/amd64/libjava.so
7f57ca8fe000-7f57ca90d000 r-xp 00000000 ca:01 307734                     /usr/lib/jvm/java-8-openjdk-amd64/jre/lib/amd64/libverify.so
7f57ca90d000-7f57cab0c000 ---p 0000f000 ca:01 307734                     /usr/lib/jvm/java-8-openjdk-amd64/jre/lib/amd64/libverify.so
7f57cab0c000-7f57cab0e000 r--p 0000e000 ca:01 307734                     /usr/lib/jvm/java-8-openjdk-amd64/jre/lib/amd64/libverify.so
7f57cab0e000-7f57cab0f000 rw-p 00010000 ca:01 307734                     /usr/lib/jvm/java-8-openjdk-amd64/jre/lib/amd64/libverify.so
7f57cab0f000-7f57cab16000 r-xp 00000000 ca:01 396937                     /lib/x86_64-linux-gnu/librt-2.23.so
7f57cab16000-7f57cad15000 ---p 00007000 ca:01 396937                     /lib/x86_64-linux-gnu/librt-2.23.so
7f57cad15000-7f57cad16000 r--p 00006000 ca:01 396937                     /lib/x86_64-linux-gnu/librt-2.23.so
7f57cad16000-7f57cad17000 rw-p 00007000 ca:01 396937                     /lib/x86_64-linux-gnu/librt-2.23.so
7f57cad17000-7f57cad2d000 r-xp 00000000 ca:01 396885                     /lib/x86_64-linux-gnu/libgcc_s.so.1
7f57cad2d000-7f57caf2c000 ---p 00016000 ca:01 396885                     /lib/x86_64-linux-gnu/libgcc_s.so.1
7f57caf2c000-7f57caf2d000 rw-p 00015000 ca:01 396885                     /lib/x86_64-linux-gnu/libgcc_s.so.1
7f57caf2d000-7f57cb035000 r-xp 00000000 ca:01 396902                     /lib/x86_64-linux-gnu/libm-2.23.so
7f57cb035000-7f57cb234000 ---p 00108000 ca:01 396902                     /lib/x86_64-linux-gnu/libm-2.23.so
7f57cb234000-7f57cb235000 r--p 00107000 ca:01 396902                     /lib/x86_64-linux-gnu/libm-2.23.so
7f57cb235000-7f57cb236000 rw-p 00108000 ca:01 396902                     /lib/x86_64-linux-gnu/libm-2.23.so
7f57cb236000-7f57cb3a8000 r-xp 00000000 ca:01 5387                       /usr/lib/x86_64-linux-gnu/libstdc++.so.6.0.21
7f57cb3a8000-7f57cb5a8000 ---p 00172000 ca:01 5387                       /usr/lib/x86_64-linux-gnu/libstdc++.so.6.0.21
7f57cb5a8000-7f57cb5b2000 r--p 00172000 ca:01 5387                       /usr/lib/x86_64-linux-gnu/libstdc++.so.6.0.21
7f57cb5b2000-7f57cb5b4000 rw-p 0017c000 ca:01 5387                       /usr/lib/x86_64-linux-gnu/libstdc++.so.6.0.21
7f57cb5b4000-7f57cb5b8000 rw-p 00000000 00:00 0 
7f57cb5b8000-7f57cc208000 r-xp 00000000 ca:01 307761                     /usr/lib/jvm/java-8-openjdk-amd64/jre/lib/amd64/server/libjvm.so
7f57cc208000-7f57cc407000 ---p 00c50000 ca:01 307761                     /usr/lib/jvm/java-8-openjdk-amd64/jre/lib/amd64/server/libjvm.so
7f57cc407000-7f57cc49a000 r--p 00c4f000 ca:01 307761                     /usr/lib/jvm/java-8-openjdk-amd64/jre/lib/amd64/server/libjvm.so
7f57cc49a000-7f57cc4c3000 rw-p 00ce2000 ca:01 307761                     /usr/lib/jvm/java-8-openjdk-amd64/jre/lib/amd64/server/libjvm.so
7f57cc4c3000-7f57cc4f3000 rw-p 00000000 00:00 0 
7f57cc4f3000-7f57cc50b000 r-xp 00000000 ca:01 396933                     /lib/x86_64-linux-gnu/libpthread-2.23.so
7f57cc50b000-7f57cc70a000 ---p 00018000 ca:01 396933                     /lib/x86_64-linux-gnu/libpthread-2.23.so
7f57cc70a000-7f57cc70b000 r--p 00017000 ca:01 396933                     /lib/x86_64-linux-gnu/libpthread-2.23.so
7f57cc70b000-7f57cc70c000 rw-p 00018000 ca:01 396933                     /lib/x86_64-linux-gnu/libpthread-2.23.so
7f57cc70c000-7f57cc710000 rw-p 00000000 00:00 0 
7f57cc710000-7f57cc713000 r-xp 00000000 ca:01 396878                     /lib/x86_64-linux-gnu/libdl-2.23.so
7f57cc713000-7f57cc912000 ---p 00003000 ca:01 396878                     /lib/x86_64-linux-gnu/libdl-2.23.so
7f57cc912000-7f57cc913000 r--p 00002000 ca:01 396878                     /lib/x86_64-linux-gnu/libdl-2.23.so
7f57cc913000-7f57cc914000 rw-p 00003000 ca:01 396878                     /lib/x86_64-linux-gnu/libdl-2.23.so
7f57cc914000-7f57cc92d000 r-xp 00000000 ca:01 396956                     /lib/x86_64-linux-gnu/libz.so.1.2.8
7f57cc92d000-7f57ccb2c000 ---p 00019000 ca:01 396956                     /lib/x86_64-linux-gnu/libz.so.1.2.8
7f57ccb2c000-7f57ccb2d000 r--p 00018000 ca:01 396956                     /lib/x86_64-linux-gnu/libz.so.1.2.8
7f57ccb2d000-7f57ccb2e000 rw-p 00019000 ca:01 396956                     /lib/x86_64-linux-gnu/libz.so.1.2.8
7f57ccb2e000-7f57ccced000 r-xp 00000000 ca:01 396867                     /lib/x86_64-linux-gnu/libc-2.23.so
7f57ccced000-7f57cceed000 ---p 001bf000 ca:01 396867                     /lib/x86_64-linux-gnu/libc-2.23.so
7f57cceed000-7f57ccef1000 r--p 001bf000 ca:01 396867                     /lib/x86_64-linux-gnu/libc-2.23.so
7f57ccef1000-7f57ccef3000 rw-p 001c3000 ca:01 396867                     /lib/x86_64-linux-gnu/libc-2.23.so
7f57ccef3000-7f57ccef7000 rw-p 00000000 00:00 0 
7f57ccef7000-7f57ccf04000 r-xp 00000000 ca:01 307756                     /usr/lib/jvm/java-8-openjdk-amd64/jre/lib/amd64/jli/libjli.so
7f57ccf04000-7f57cd104000 ---p 0000d000 ca:01 307756                     /usr/lib/jvm/java-8-openjdk-amd64/jre/lib/amd64/jli/libjli.so
7f57cd104000-7f57cd105000 r--p 0000d000 ca:01 307756                     /usr/lib/jvm/java-8-openjdk-amd64/jre/lib/amd64/jli/libjli.so
7f57cd105000-7f57cd106000 rw-p 0000e000 ca:01 307756                     /usr/lib/jvm/java-8-openjdk-amd64/jre/lib/amd64/jli/libjli.so
7f57cd106000-7f57cd12c000 r-xp 00000000 ca:01 396855                     /lib/x86_64-linux-gnu/ld-2.23.so
7f57cd12c000-7f57cd12e000 r--s 00008000 ca:01 307776                     /usr/lib/jvm/java-8-openjdk-amd64/jre/lib/ext/sunec.jar
7f57cd12e000-7f57cd133000 r--s 0003b000 ca:01 307784                     /usr/lib/jvm/java-8-openjdk-amd64/jre/lib/ext/sunjce_provider.jar
7f57cd133000-7f57cd20c000 rw-p 00000000 00:00 0 
7f57cd20c000-7f57cd20f000 ---p 00000000 00:00 0 
7f57cd20f000-7f57cd312000 rw-p 00000000 00:00 0 
7f57cd312000-7f57cd314000 r--s 00001000 ca:01 307778                     /usr/lib/jvm/java-8-openjdk-amd64/jre/lib/ext/dnsns.jar
7f57cd314000-7f57cd31e000 r--s 00116000 ca:01 307783                     /usr/lib/jvm/java-8-openjdk-amd64/jre/lib/ext/localedata.jar
7f57cd31e000-7f57cd31f000 r--s 00010000 ca:01 307781                     /usr/lib/jvm/java-8-openjdk-amd64/jre/lib/ext/zipfs.jar
7f57cd31f000-7f57cd327000 rw-s 00000000 ca:01 61634                      /tmp/hsperfdata_ubuntu/30946
7f57cd327000-7f57cd328000 rw-p 00000000 00:00 0 
7f57cd328000-7f57cd329000 ---p 00000000 00:00 0 
7f57cd329000-7f57cd32b000 rw-p 00000000 00:00 0 
7f57cd32b000-7f57cd32c000 r--p 00025000 ca:01 396855                     /lib/x86_64-linux-gnu/ld-2.23.so
7f57cd32c000-7f57cd32d000 rw-p 00026000 ca:01 396855                     /lib/x86_64-linux-gnu/ld-2.23.so
7f57cd32d000-7f57cd32e000 rw-p 00000000 00:00 0 
7ffcfa684000-7ffcfa6a5000 rw-p 00000000 00:00 0                          [stack]
7ffcfa7c0000-7ffcfa7c2000 r--p 00000000 00:00 0                          [vvar]
7ffcfa7c2000-7ffcfa7c4000 r-xp 00000000 00:00 0                          [vdso]
ffffffffff600000-ffffffffff601000 r-xp 00000000 00:00 0                  [vsyscall]

VM Arguments:
jvm_args: -Djava.security.manager=jarjar.org.gradle.process.internal.child.BootstrapSecurityManager -Dfile.encoding=UTF-8 -Duser.country=US -Duser.language=en -Duser.variant -ea 
java_command: jarjar.org.gradle.process.internal.launcher.GradleWorkerMain 'Gradle Test Executor 1'
java_class_path (initial): /home/ubuntu/.gradle/caches/2.13/workerMain/gradle-worker.jar
Launcher Type: SUN_STANDARD

Environment Variables:
PATH=/bin:/usr/bin:/usr/X11R6/bin:/usr/local/bin
SHELL=/bin/bash
DISPLAY=:10.0

Signal Handlers:
SIGSEGV: [libjvm.so+0xa66fd0], sa_mask[0]=11111111011111111101111111111110, sa_flags=SA_RESTART|SA_SIGINFO
SIGBUS: [libjvm.so+0xa66fd0], sa_mask[0]=11111111011111111101111111111110, sa_flags=SA_RESTART|SA_SIGINFO
SIGFPE: [libjvm.so+0x8b0180], sa_mask[0]=11111111011111111101111111111110, sa_flags=SA_RESTART|SA_SIGINFO
SIGPIPE: [libjvm.so+0x8b0180], sa_mask[0]=11111111011111111101111111111110, sa_flags=SA_RESTART|SA_SIGINFO
SIGXFSZ: [libjvm.so+0x8b0180], sa_mask[0]=11111111011111111101111111111110, sa_flags=SA_RESTART|SA_SIGINFO
SIGILL: [libjvm.so+0x8b0180], sa_mask[0]=11111111011111111101111111111110, sa_flags=SA_RESTART|SA_SIGINFO
SIGUSR1: SIG_DFL, sa_mask[0]=00000000000000000000000000000000, sa_flags=none
SIGUSR2: [libjvm.so+0x8b0030], sa_mask[0]=00100000000000000000000000000000, sa_flags=SA_RESTART|SA_SIGINFO
SIGHUP: [libjvm.so+0x8b0500], sa_mask[0]=11111111011111111101111111111110, sa_flags=SA_RESTART|SA_SIGINFO
SIGINT: [libjvm.so+0x8b0500], sa_mask[0]=11111111011111111101111111111110, sa_flags=SA_RESTART|SA_SIGINFO
SIGTERM: [libjvm.so+0x8b0500], sa_mask[0]=11111111011111111101111111111110, sa_flags=SA_RESTART|SA_SIGINFO
SIGQUIT: [libjvm.so+0x8b0500], sa_mask[0]=11111111011111111101111111111110, sa_flags=SA_RESTART|SA_SIGINFO


---------------  S Y S T E M  ---------------

OS:DISTRIB_ID=Ubuntu
DISTRIB_RELEASE=16.04
DISTRIB_CODENAME=xenial
DISTRIB_DESCRIPTION="Ubuntu 16.04.2 LTS"

uname:Linux 4.4.0-59-generic #80-Ubuntu SMP Fri Jan 6 17:47:47 UTC 2017 x86_64
libc:glibc 2.23 NPTL 2.23 
rlimit: STACK 8192k, CORE 0k, NPROC 15746, NOFILE 4096, AS infinity
load average:0.72 0.30 0.13

/proc/meminfo:
MemTotal:        4044964 kB
MemFree:           37880 kB
MemAvailable:      44156 kB
Buffers:             812 kB
Cached:            59024 kB
SwapCached:            0 kB
Active:          3820188 kB
Inactive:          50228 kB
Active(anon):    3814856 kB
Inactive(anon):    44928 kB
Active(file):       5332 kB
Inactive(file):     5300 kB
Unevictable:        3656 kB
Mlocked:            3656 kB
SwapTotal:             0 kB
SwapFree:              0 kB
Dirty:               764 kB
Writeback:             0 kB
AnonPages:       3814432 kB
Mapped:            42240 kB
Shmem:             46656 kB
Slab:              68508 kB
SReclaimable:      39264 kB
SUnreclaim:        29244 kB
KernelStack:       10240 kB
PageTables:        29056 kB
NFS_Unstable:          0 kB
Bounce:                0 kB
WritebackTmp:          0 kB
CommitLimit:     2022480 kB
Committed_AS:    6827208 kB
VmallocTotal:   34359738367 kB
VmallocUsed:           0 kB
VmallocChunk:          0 kB
HardwareCorrupted:     0 kB
AnonHugePages:   1710080 kB
CmaTotal:              0 kB
CmaFree:               0 kB
HugePages_Total:       0
HugePages_Free:        0
HugePages_Rsvd:        0
HugePages_Surp:        0
Hugepagesize:       2048 kB
DirectMap4k:       61440 kB
DirectMap2M:     4263936 kB


CPU:total 2 (2 cores per cpu, 1 threads per core) family 6 model 63 stepping 2, cmov, cx8, fxsr, mmx, sse, sse2, sse3, ssse3, sse4.1, sse4.2, popcnt, avx, avx2, aes, clmul, erms, lzcnt, tsc, bmi1, bmi2

/proc/cpuinfo:
processor	: 0
vendor_id	: GenuineIntel
cpu family	: 6
model		: 63
model name	: Intel(R) Xeon(R) CPU E5-2676 v3 @ 2.40GHz
stepping	: 2
microcode	: 0x25
cpu MHz		: 2394.508
cache size	: 30720 KB
physical id	: 0
siblings	: 2
core id		: 0
cpu cores	: 2
apicid		: 0
initial apicid	: 0
fpu		: yes
fpu_exception	: yes
cpuid level	: 13
wp		: yes
flags		: fpu vme de pse tsc msr pae mce cx8 apic sep mtrr pge mca cmov pat pse36 clflush mmx fxsr sse sse2 ht syscall nx rdtscp lm constant_tsc rep_good nopl xtopology eagerfpu pni pclmulqdq ssse3 fma cx16 pcid sse4_1 sse4_2 x2apic movbe popcnt tsc_deadline_timer aes xsave avx f16c rdrand hypervisor lahf_lm abm fsgsbase bmi1 avx2 smep bmi2 erms invpcid xsaveopt
bugs		:
bogomips	: 4789.01
clflush size	: 64
cache_alignment	: 64
address sizes	: 46 bits physical, 48 bits virtual
power management:

processor	: 1
vendor_id	: GenuineIntel
cpu family	: 6
model		: 63
model name	: Intel(R) Xeon(R) CPU E5-2676 v3 @ 2.40GHz
stepping	: 2
microcode	: 0x25
cpu MHz		: 2394.508
cache size	: 30720 KB
physical id	: 0
siblings	: 2
core id		: 1
cpu cores	: 2
apicid		: 2
initial apicid	: 2
fpu		: yes
fpu_exception	: yes
cpuid level	: 13
wp		: yes
flags		: fpu vme de pse tsc msr pae mce cx8 apic sep mtrr pge mca cmov pat pse36 clflush mmx fxsr sse sse2 ht syscall nx rdtscp lm constant_tsc rep_good nopl xtopology eagerfpu pni pclmulqdq ssse3 fma cx16 pcid sse4_1 sse4_2 x2apic movbe popcnt tsc_deadline_timer aes xsave avx f16c rdrand hypervisor lahf_lm abm fsgsbase bmi1 avx2 smep bmi2 erms invpcid xsaveopt
bugs		:
bogomips	: 4789.01
clflush size	: 64
cache_alignment	: 64
address sizes	: 46 bits physical, 48 bits virtual
power management:



Memory: 4k page, physical 4044964k(37880k free), swap 0k(0k free)

vm_info: OpenJDK 64-Bit Server VM (25.121-b13) for linux-amd64 JRE (1.8.0_121-8u121-b13-0ubuntu1.16.04.2-b13), built on Jan 23 2017 15:51:29 by "buildd" with gcc 5.4.0 20160609

time: Wed Feb 15 23:55:45 2017
elapsed time: 2 seconds (0d 0h 0m 2s)

